2024-05-05 08:38:33.847 [info] Reading sessions from keychain...
2024-05-05 08:38:33.847 [info] Getting sessions for all scopes...
2024-05-05 08:38:33.847 [info] Got 0 sessions for ...
2024-05-05 08:38:33.847 [info] Getting sessions for all scopes...
2024-05-05 08:38:33.847 [info] Got 0 sessions for ...
2024-05-05 08:38:33.847 [info] Getting sessions for all scopes...
2024-05-05 08:38:33.847 [info] Got 0 sessions for ...
2024-05-05 08:38:33.847 [info] Getting sessions for user:email...
2024-05-05 08:38:33.847 [info] Got 0 sessions for user:email...
2024-05-05 08:38:36.565 [info] Logging in for the following scopes: user:email
2024-05-05 08:38:36.568 [info] Trying without local server... (user:email)
2024-05-05 08:40:42.553 [info] Exchanging code for token...
2024-05-05 08:40:43.093 [info] Token exchange success!
2024-05-05 08:40:43.094 [info] Getting user info...
2024-05-05 08:40:43.680 [info] Got account info!
2024-05-05 08:40:43.680 [info] Storing 1 sessions...
2024-05-05 08:41:23.034 [info] Getting sessions for user:email...
2024-05-05 08:41:23.034 [info] Got 1 sessions for user:email...
2024-05-05 08:41:47.100 [error] Setting token failed: Canceled: Canceled
2024-05-05 08:41:47.100 [info] Stored 1 sessions!
2024-05-05 08:41:47.101 [info] Login success!
