2024-05-05 08:43:14.347 [info] 2024-05-05T13:43:14.261Z extension INFO  Activating extension... [
  {
    id: 'mongodb.mongodb-vscode',
    version: '1.6.0',
    mode: 'Production',
    kind: 'UI',
    extensionPath: '/home/mkzero/.vscode/extensions/mongodb.mongodb-vscode-1.6.0',
    logPath: '/home/mkzero/.config/Code/logs/20240505T084150/window1/exthost/mongodb.mongodb-vscode',
    workspaceStoragePath: undefined,
    globalStoragePath: '/home/mkzero/.config/Code/User/globalStorage/mongodb.mongodb-vscode',
    defaultConnectionSavingLocation: 'Global',
    buildInfo: {
      nodeVersion: 'v18.18.2',
      runtimePlatform: 'linux',
      runtimeArch: 'x64'
    }
  }
]

2024-05-05 08:43:14.347 [info] 2024-05-05T13:43:14.262Z telemetry INFO  SegmentKey was found [ { type: 'string' } ]

2024-05-05 08:43:14.348 [info] 2024-05-05T13:43:14.262Z language server controller INFO  Creating MongoDB Language Server... [
  {
    extensionPath: '/home/mkzero/.vscode/extensions/mongodb.mongodb-vscode-1.6.0',
    languageServer: {
      id: 'mongodbLanguageServer',
      name: 'MongoDB Language Server',
      path: '/home/mkzero/.vscode/extensions/mongodb.mongodb-vscode-1.6.0/dist/languageServer.js',
      documentSelector: '[{"pattern":"**/*.mongodb.js"},{"pattern":"**/*.mongodb"}]'
    }
  }
]

2024-05-05 08:43:14.348 [info] 2024-05-05T13:43:14.269Z telemetry INFO  Segment analytics activated [ { anonymousId: 'a472b0dc-d7c7-4ae5-9820-3122b4b054f7' } ]

2024-05-05 08:43:14.348 [info] 2024-05-05T13:43:14.269Z language server controller INFO  Starting the language server... []

2024-05-05 08:43:14.565 [info] 2024-05-05T13:43:14.564Z webview controller INFO  Opening webview... []

2024-05-05 08:43:14.566 [info] 2024-05-05T13:43:14.566Z language server controller INFO  MongoDBService initialized. Sending default settings... {"extensionPath":"/home/mkzero/.vscode/extensions/mongodb.mongodb-vscode-1.6.0","connectionId":null,"hasConnectionString":false,"hasConnectionOptions":false} []

2024-05-05 08:43:24.835 [info] 2024-05-05T13:43:24.828Z extension INFO  Deactivating extension... []

2024-05-05 08:43:24.835 [info] 2024-05-05T13:43:24.828Z connection controller INFO  Disconnect called, currently connected to [ null ]

2024-05-05 08:43:24.835 [info] 2024-05-05T13:43:24.829Z language server controller INFO  Changing MongoDBService active connection... [ { connectionId: null } ]

2024-05-05 08:43:24.835 [info] 2024-05-05T13:43:24.830Z connection controller INFO  Disconnect called, currently connected to [ null ]

2024-05-05 08:43:24.835 [info] 2024-05-05T13:43:24.830Z language server controller INFO  Changing MongoDBService active connection... [ { connectionId: null } ]

2024-05-05 08:43:24.835 [info] 2024-05-05T13:43:24.835Z language server controller INFO  Deactivating the language server... []

2024-05-05 08:43:24.835 [info] 2024-05-05T13:43:24.835Z language server controller INFO  Deactivating the language server... []

