2024-05-05 08:41:51.274 [info] Added views:workbench.panel.markers.view in workbench.panel.markers
2024-05-05 08:41:51.274 [info] Added views:workbench.panel.output in workbench.panel.output
2024-05-05 08:41:51.274 [info] Added views:terminal in terminal
2024-05-05 08:41:51.274 [info] Added views:outline in workbench.view.explorer
2024-05-05 08:41:51.274 [info] Added views:workbench.scm in workbench.view.scm
2024-05-05 08:41:51.274 [info] Added views:workbench.view.search in workbench.view.search
2024-05-05 08:41:51.274 [info] Added views:timeline in workbench.view.explorer
2024-05-05 08:41:51.274 [info] Added views:workbench.explorer.emptyView in workbench.view.explorer
2024-05-05 08:41:51.478 [info] Added views:workbench.debug.welcome in workbench.view.debug
2024-05-05 08:41:51.511 [info] Added views:~remote.forwardedPorts in ~remote.forwardedPortsContainer
2024-05-05 08:41:51.555 [info] Added views:workbench.panel.repl.view in workbench.panel.repl
2024-05-05 08:42:48.693 [info] View visibility state changed: workbench.scm.repositories is now visible Source Control
2024-05-05 08:42:48.693 [info] Showing view workbench.scm.repositories in the container workbench.view.scm
2024-05-05 08:43:10.999 [info] Added views:workbench.views.extensions.installed,workbench.views.extensions.popular,extensions.recommendedList in workbench.view.extensions
2024-05-05 08:43:11.000 [info] Removed views:workbench.views.extensions.popular from workbench.view.extensions
2024-05-05 08:43:12.668 [info] Added views:github.cweijan.mysql in workbench.view.extension.github-cweijan-mysql
2024-05-05 08:43:12.668 [info] Added views:github.cweijan.nosql in workbench.view.extension.github-cweijan-nosql
2024-05-05 08:43:12.669 [info] Added views:pythonEnvironments in workbench.view.extension.package-explorer
2024-05-05 08:43:12.670 [info] Added views:mongoDBConnectionExplorer,mongoDBPlaygroundsExplorer,mongoDBHelpExplorer in workbench.view.extension.mongoDB
2024-05-05 08:43:12.671 [info] Added views:dockerContainers,dockerImages,dockerRegistries,dockerNetworks,dockerVolumes,vscode-docker.views.dockerContexts,vscode-docker.views.help in workbench.view.extension.dockerView
2024-05-05 08:43:12.671 [info] Added views:extension.vsKubernetesExplorer,extension.vsKubernetesHelmRepoExplorer,kubernetes.cloudExplorer in workbench.view.extension.kubernetesView
2024-05-05 08:43:12.672 [info] Added views:targetsContainers,devVolumes in workbench.view.remote
2024-05-05 08:43:12.672 [info] Added views:remoteTargets in workbench.view.remote
