2024-05-05 08:45:48.911 [info] Extension host with pid 16561 started
2024-05-05 08:45:48.943 [info] ExtensionService#_doActivateExtension vscode.git-base, startup: true, activationEvent: '*', root cause: vscode.git
2024-05-05 08:45:48.944 [info] ExtensionService#_doActivateExtension mhutchie.git-graph, startup: true, activationEvent: '*'
2024-05-05 08:45:49.006 [info] ExtensionService#_doActivateExtension vscode.git, startup: true, activationEvent: '*'
2024-05-05 08:45:49.006 [info] ExtensionService#_doActivateExtension vscode.github, startup: true, activationEvent: '*'
2024-05-05 08:45:49.048 [info] ExtensionService#_doActivateExtension vscode.github-authentication, startup: false, activationEvent: 'onAuthenticationRequest:github'
2024-05-05 08:45:49.105 [info] Eager extensions activated
2024-05-05 08:45:49.126 [info] ExtensionService#_doActivateExtension vscode.debug-auto-launch, startup: false, activationEvent: 'onStartupFinished'
2024-05-05 08:45:49.126 [info] ExtensionService#_doActivateExtension vscode.merge-conflict, startup: false, activationEvent: 'onStartupFinished'
2024-05-05 08:45:49.127 [info] ExtensionService#_doActivateExtension cweijan.vscode-redis-client, startup: false, activationEvent: 'onStartupFinished'
2024-05-05 08:45:49.267 [info] ExtensionService#_doActivateExtension dbaeumer.vscode-eslint, startup: false, activationEvent: 'onStartupFinished'
2024-05-05 08:45:49.293 [info] ExtensionService#_doActivateExtension Equinusocio.vsc-material-theme, startup: false, activationEvent: 'onStartupFinished'
2024-05-05 08:45:49.298 [info] ExtensionService#_doActivateExtension equinusocio.vsc-material-theme-icons, startup: false, activationEvent: 'onStartupFinished'
2024-05-05 08:45:49.314 [info] ExtensionService#_doActivateExtension intellsmi.comment-translate, startup: false, activationEvent: 'onStartupFinished'
2024-05-05 08:45:49.407 [info] ExtensionService#_doActivateExtension ms-vscode-remote.remote-containers, startup: false, activationEvent: 'onStartupFinished'
2024-05-05 08:45:49.407 [info] ExtensionService#_doActivateExtension PKief.material-icon-theme, startup: false, activationEvent: 'onStartupFinished'
2024-05-05 08:45:49.411 [info] ExtensionService#_doActivateExtension vadimcn.vscode-lldb, startup: false, activationEvent: 'onStartupFinished'
2024-05-05 08:45:49.422 [info] ExtensionService#_doActivateExtension vscodevim.vim, startup: false, activationEvent: 'onStartupFinished'
2024-05-05 08:45:50.508 [error] Error: Extension dbclient-jdbc not found!
	at Fc.<anonymous> (/home/mkzero/.vscode/extensions/cweijan.vscode-redis-client-7.3.1/out/extension.js:145768:15)
	at Generator.next (<anonymous>)
	at /home/mkzero/.vscode/extensions/cweijan.vscode-redis-client-7.3.1/out/extension.js:59:25
	at new Promise (<anonymous>)
	at N (/home/mkzero/.vscode/extensions/cweijan.vscode-redis-client-7.3.1/out/extension.js:45:22)
	at Fc.upgradeJDBC (/home/mkzero/.vscode/extensions/cweijan.vscode-redis-client-7.3.1/out/extension.js:145764:12)
	at kt.initTreeView (/home/mkzero/.vscode/extensions/cweijan.vscode-redis-client-7.3.1/out/extension.js:155113:8)
	at kt.init (/home/mkzero/.vscode/extensions/cweijan.vscode-redis-client-7.3.1/out/extension.js:155106:78)
	at OZt (/home/mkzero/.vscode/extensions/cweijan.vscode-redis-client-7.3.1/out/extension.js:156022:10)
	at Z.kb (/usr/share/code/resources/app/out/vs/workbench/api/node/extensionHostProcess.js:159:13465)
	at Z.jb (/usr/share/code/resources/app/out/vs/workbench/api/node/extensionHostProcess.js:159:13175)
	at /usr/share/code/resources/app/out/vs/workbench/api/node/extensionHostProcess.js:159:11197
	at async h.n (/usr/share/code/resources/app/out/vs/workbench/api/node/extensionHostProcess.js:143:6281)
	at async h.m (/usr/share/code/resources/app/out/vs/workbench/api/node/extensionHostProcess.js:143:6244)
	at async h.l (/usr/share/code/resources/app/out/vs/workbench/api/node/extensionHostProcess.js:143:5701)
2024-05-05 08:45:50.573 [info] Extension host terminating: renderer closed the MessagePort
2024-05-05 08:45:50.595 [error] ProxyResolver#resolveProxy DIRECT Canceled: Canceled
	at new O (/usr/share/code/resources/app/out/vs/workbench/api/node/extensionHostProcess.js:143:47131)
	at c.U (/usr/share/code/resources/app/out/vs/workbench/api/node/extensionHostProcess.js:150:5542)
	at F.<computed>.z.charCodeAt.F.<computed> (/usr/share/code/resources/app/out/vs/workbench/api/node/extensionHostProcess.js:150:2993)
	at C.resolveProxy (/usr/share/code/resources/app/out/vs/workbench/api/node/extensionHostProcess.js:156:41226)
	at Object.resolveProxy (/usr/share/code/resources/app/out/vs/workbench/api/node/extensionHostProcess.js:138:33389)
	at useProxySettings (/usr/share/code/resources/app/node_modules.asar/@vscode/proxy-agent/out/index.js:165:16)
	at /usr/share/code/resources/app/node_modules.asar/@vscode/proxy-agent/out/index.js:113:13
	at /usr/share/code/resources/app/node_modules.asar/@vscode/proxy-agent/out/index.js:459:13
	at process.processTicksAndRejections (node:internal/process/task_queues:95:5) 
2024-05-05 08:45:50.601 [error] Error: ENOENT: no such file or directory, open '/home/mkzero/.config/Code/User/globalStorage/vscodevim.vim/.registers'
2024-05-05 08:45:50.601 [info] Extension host with pid 16561 exiting with code 0
