2024-05-05 08:42:38.271 [info] Reading sessions from keychain...
2024-05-05 08:42:38.271 [info] Getting sessions for all scopes...
2024-05-05 08:42:38.271 [info] Getting sessions for all scopes...
2024-05-05 08:42:38.271 [info] Got 0 sessions for ...
2024-05-05 08:42:38.271 [info] Got 0 sessions for ...
2024-05-05 08:42:38.271 [info] Getting sessions for all scopes...
2024-05-05 08:42:38.271 [info] Got 0 sessions for ...
2024-05-05 08:42:38.271 [info] Getting sessions for user:email...
2024-05-05 08:42:38.271 [info] Got 0 sessions for user:email...
2024-05-05 08:42:38.290 [info] Getting sessions for all scopes...
2024-05-05 08:42:38.290 [info] Got 0 sessions for ...
2024-05-05 08:42:40.397 [info] Logging in for the following scopes: user:email
2024-05-05 08:42:40.398 [info] Trying without local server... (user:email)
2024-05-05 08:42:42.113 [info] Exchanging code for token...
2024-05-05 08:42:42.645 [info] Token exchange success!
2024-05-05 08:42:42.646 [info] Getting user info...
2024-05-05 08:42:43.237 [info] Got account info!
2024-05-05 08:42:43.238 [info] Storing 1 sessions...
2024-05-05 08:42:44.995 [info] Reading sessions from keychain...
2024-05-05 08:42:44.995 [info] Stored 1 sessions!
2024-05-05 08:42:44.995 [info] Login success!
2024-05-05 08:42:45.027 [info] Getting sessions for user:email...
2024-05-05 08:42:45.027 [info] Got stored sessions!
2024-05-05 08:42:45.027 [info] Got 1 verified sessions.
2024-05-05 08:42:45.027 [info] Got 1 sessions for user:email...
2024-05-05 08:43:14.338 [info] Getting sessions for all scopes...
2024-05-05 08:43:14.338 [info] Got 1 sessions for ...
