2024-05-05 08:43:26.145 [info] Extension host with pid 15858 started
2024-05-05 08:43:26.298 [info] ExtensionService#_doActivateExtension vscode.git-base, startup: true, activationEvent: '*', root cause: vscode.git
2024-05-05 08:43:26.299 [info] ExtensionService#_doActivateExtension mhutchie.git-graph, startup: true, activationEvent: '*'
2024-05-05 08:43:26.527 [info] ExtensionService#_doActivateExtension vscode.github-authentication, startup: false, activationEvent: 'onAuthenticationRequest:github'
2024-05-05 08:43:26.601 [info] ExtensionService#_doActivateExtension vscode.git, startup: true, activationEvent: '*'
2024-05-05 08:43:26.601 [info] ExtensionService#_doActivateExtension vscode.github, startup: true, activationEvent: '*'
2024-05-05 08:43:26.916 [info] Eager extensions activated
2024-05-05 08:43:26.928 [info] ExtensionService#_doActivateExtension vscode.debug-auto-launch, startup: false, activationEvent: 'onStartupFinished'
2024-05-05 08:43:26.929 [info] ExtensionService#_doActivateExtension vscode.merge-conflict, startup: false, activationEvent: 'onStartupFinished'
2024-05-05 08:43:26.929 [info] ExtensionService#_doActivateExtension cweijan.vscode-redis-client, startup: false, activationEvent: 'onStartupFinished'
2024-05-05 08:43:27.226 [info] ExtensionService#_doActivateExtension dbaeumer.vscode-eslint, startup: false, activationEvent: 'onStartupFinished'
2024-05-05 08:43:27.249 [info] ExtensionService#_doActivateExtension Equinusocio.vsc-material-theme, startup: false, activationEvent: 'onStartupFinished'
2024-05-05 08:43:27.253 [info] ExtensionService#_doActivateExtension equinusocio.vsc-material-theme-icons, startup: false, activationEvent: 'onStartupFinished'
2024-05-05 08:43:27.272 [info] ExtensionService#_doActivateExtension intellsmi.comment-translate, startup: false, activationEvent: 'onStartupFinished'
2024-05-05 08:43:27.352 [info] ExtensionService#_doActivateExtension ms-vscode-remote.remote-containers, startup: false, activationEvent: 'onStartupFinished'
2024-05-05 08:43:27.352 [info] ExtensionService#_doActivateExtension PKief.material-icon-theme, startup: false, activationEvent: 'onStartupFinished'
2024-05-05 08:43:27.361 [info] ExtensionService#_doActivateExtension vadimcn.vscode-lldb, startup: false, activationEvent: 'onStartupFinished'
2024-05-05 08:43:27.371 [info] ExtensionService#_doActivateExtension vscodevim.vim, startup: false, activationEvent: 'onStartupFinished'
2024-05-05 08:43:27.949 [info] ExtensionService#_doActivateExtension vscode.json-language-features, startup: false, activationEvent: 'onLanguage:jsonc'
2024-05-05 08:43:27.949 [info] ExtensionService#_doActivateExtension vscode.typescript-language-features, startup: false, activationEvent: 'onLanguage:jsonc'
2024-05-05 08:43:27.949 [info] ExtensionService#_doActivateExtension vscode.emmet, startup: false, activationEvent: 'onLanguage'
2024-05-05 08:43:28.456 [error] Error: Extension dbclient-jdbc not found!
	at Fc.<anonymous> (/home/mkzero/.vscode/extensions/cweijan.vscode-redis-client-7.3.1/out/extension.js:145768:15)
	at Generator.next (<anonymous>)
	at /home/mkzero/.vscode/extensions/cweijan.vscode-redis-client-7.3.1/out/extension.js:59:25
	at new Promise (<anonymous>)
	at N (/home/mkzero/.vscode/extensions/cweijan.vscode-redis-client-7.3.1/out/extension.js:45:22)
	at Fc.upgradeJDBC (/home/mkzero/.vscode/extensions/cweijan.vscode-redis-client-7.3.1/out/extension.js:145764:12)
	at kt.initTreeView (/home/mkzero/.vscode/extensions/cweijan.vscode-redis-client-7.3.1/out/extension.js:155113:8)
	at kt.init (/home/mkzero/.vscode/extensions/cweijan.vscode-redis-client-7.3.1/out/extension.js:155106:78)
	at OZt (/home/mkzero/.vscode/extensions/cweijan.vscode-redis-client-7.3.1/out/extension.js:156022:10)
	at Z.kb (/usr/share/code/resources/app/out/vs/workbench/api/node/extensionHostProcess.js:159:13465)
	at Z.jb (/usr/share/code/resources/app/out/vs/workbench/api/node/extensionHostProcess.js:159:13175)
	at /usr/share/code/resources/app/out/vs/workbench/api/node/extensionHostProcess.js:159:11197
	at async h.n (/usr/share/code/resources/app/out/vs/workbench/api/node/extensionHostProcess.js:143:6281)
	at async h.m (/usr/share/code/resources/app/out/vs/workbench/api/node/extensionHostProcess.js:143:6244)
	at async h.l (/usr/share/code/resources/app/out/vs/workbench/api/node/extensionHostProcess.js:143:5701)
2024-05-05 08:43:28.556 [error] Error: ENOENT: no such file or directory, open '/home/mkzero/.config/Code/User/globalStorage/vscodevim.vim/.registers'
2024-05-05 08:43:57.900 [info] ExtensionService#_doActivateExtension mongodb.mongodb-vscode, startup: false, activationEvent: 'onLanguage:plaintext'
2024-05-05 08:45:43.020 [info] Extension host terminating: renderer closed the MessagePort
2024-05-05 08:45:43.064 [error] Error: ENOENT: no such file or directory, open '/home/mkzero/.config/Code/User/globalStorage/vscodevim.vim/.registers'
2024-05-05 08:45:43.067 [info] Extension host with pid 15858 exiting with code 0
