2024-05-05 08:42:53.075 [info] Getting Manifest... vadimcn.vscode-lldb
2024-05-05 08:42:53.075 [info] Getting Manifest... me-dutour-mathieu.vscode-github-actions
2024-05-05 08:42:53.075 [info] Getting Manifest... ms-vscode-remote.remote-ssh-edit
2024-05-05 08:42:53.075 [info] Getting Manifest... jeff-hykin.better-dockerfile-syntax
2024-05-05 08:42:53.075 [info] Getting Manifest... ms-vscode.remote-server
2024-05-05 08:42:53.075 [info] Getting Manifest... jock.svg
2024-05-05 08:42:53.075 [info] Getting Manifest... azemoh.one-monokai
2024-05-05 08:42:53.075 [info] Getting Manifest... ms-python.python
2024-05-05 08:42:53.075 [info] Getting Manifest... ms-azuretools.vscode-docker
2024-05-05 08:42:53.075 [info] Getting Manifest... cweijan.vscode-redis-client
2024-05-05 08:42:53.076 [info] Getting Manifest... ms-toolsai.jupyter-keymap
2024-05-05 08:42:53.076 [info] Getting Manifest... mhutchie.git-graph
2024-05-05 08:42:53.076 [info] Getting Manifest... donjayamanne.python-environment-manager
2024-05-05 08:42:53.076 [info] Getting Manifest... ms-toolsai.jupyter-renderers
2024-05-05 08:42:53.076 [info] Getting Manifest... sumneko.lua
2024-05-05 08:42:53.076 [info] Getting Manifest... ms-kubernetes-tools.vscode-kubernetes-tools
2024-05-05 08:42:53.076 [info] Getting Manifest... ms-toolsai.vscode-jupyter-cell-tags
2024-05-05 08:42:53.076 [info] Getting Manifest... golang.go
2024-05-05 08:42:53.076 [info] Getting Manifest... raunofreiberg.vesper
2024-05-05 08:42:53.076 [info] Getting Manifest... tamasfe.even-better-toml
2024-05-05 08:42:53.076 [info] Getting Manifest... davidanson.vscode-markdownlint
2024-05-05 08:42:53.076 [info] Getting Manifest... ms-python.debugpy
2024-05-05 08:42:53.077 [info] Getting Manifest... wenfangdu.snippet-generator
2024-05-05 08:42:53.077 [info] Getting Manifest... ms-vscode-remote.vscode-remote-extensionpack
2024-05-05 08:42:53.077 [info] Getting Manifest... linear.linear-connect
2024-05-05 08:42:53.077 [info] Getting Manifest... vscodevim.vim
2024-05-05 08:42:53.077 [info] Getting Manifest... christian-kohler.npm-intellisense
2024-05-05 08:42:53.077 [info] Getting Manifest... intellsmi.comment-translate
2024-05-05 08:42:53.077 [info] Getting Manifest... equinusocio.vsc-material-theme-icons
2024-05-05 08:42:53.077 [info] Getting Manifest... equinusocio.vsc-material-theme
2024-05-05 08:42:53.077 [info] Getting Manifest... pkief.material-icon-theme
2024-05-05 08:42:53.077 [info] Getting Manifest... hediet.debug-visualizer
2024-05-05 08:42:53.077 [info] Getting Manifest... mongodb.mongodb-vscode
2024-05-05 08:42:53.077 [info] Getting Manifest... ms-toolsai.vscode-jupyter-slideshow
2024-05-05 08:42:53.078 [info] Getting Manifest... ms-ceintl.vscode-language-pack-zh-hans
2024-05-05 08:42:53.078 [info] Getting Manifest... redhat.vscode-yaml
2024-05-05 08:42:53.078 [info] Getting Manifest... ms-vscode-remote.remote-ssh
2024-05-05 08:42:53.078 [info] Getting Manifest... ing-bank.vscode-psl
2024-05-05 08:42:53.078 [info] Getting Manifest... ms-vscode.remote-explorer
2024-05-05 08:42:53.078 [info] Getting Manifest... dbaeumer.vscode-eslint
2024-05-05 08:42:53.078 [info] Getting Manifest... ms-vscode.live-server
2024-05-05 08:42:53.078 [info] Getting Manifest... codeium.codeium
2024-05-05 08:42:53.078 [info] Getting Manifest... ms-vscode-remote.remote-containers
2024-05-05 08:42:53.078 [info] Getting Manifest... ms-python.vscode-pylance
2024-05-05 08:42:53.078 [info] Getting Manifest... ms-toolsai.jupyter
2024-05-05 08:42:53.923 [info] Installing extension: ms-vscode-remote.remote-ssh
2024-05-05 08:42:53.923 [info] Installing extension: ms-vscode-remote.vscode-remote-extensionpack
2024-05-05 08:42:53.923 [info] Installing extension: ms-vscode-remote.remote-ssh-edit
2024-05-05 08:42:53.923 [info] Installing extension: ms-vscode-remote.remote-containers
2024-05-05 08:42:53.923 [info] Installing extension: jeff-hykin.better-dockerfile-syntax
2024-05-05 08:42:53.923 [info] Installing extension: ms-vscode.remote-server
2024-05-05 08:42:53.923 [info] Installing extension: jock.svg
2024-05-05 08:42:53.924 [info] Installing extension: azemoh.one-monokai
2024-05-05 08:42:53.924 [info] Installing extension: ms-vscode.live-server
2024-05-05 08:42:53.924 [info] Installing extension: ms-vscode.remote-explorer
2024-05-05 08:42:53.924 [info] Installing extension: ms-python.python
2024-05-05 08:42:53.924 [info] Installing extension: ms-azuretools.vscode-docker
2024-05-05 08:42:53.924 [info] Installing extension: ms-python.vscode-pylance
2024-05-05 08:42:53.924 [info] Installing extension: ms-python.debugpy
2024-05-05 08:42:53.924 [info] Installing extension: mhutchie.git-graph
2024-05-05 08:42:53.924 [info] Installing extension: ms-toolsai.vscode-jupyter-slideshow
2024-05-05 08:42:53.924 [info] Installing extension: me-dutour-mathieu.vscode-github-actions
2024-05-05 08:42:53.924 [info] Installing extension: ms-kubernetes-tools.vscode-kubernetes-tools
2024-05-05 08:42:53.924 [info] Installing extension: sumneko.lua
2024-05-05 08:42:53.925 [info] Installing extension: tamasfe.even-better-toml
2024-05-05 08:42:53.925 [info] Installing extension: raunofreiberg.vesper
2024-05-05 08:42:53.925 [info] Installing extension: christian-kohler.npm-intellisense
2024-05-05 08:42:53.925 [info] Installing extension: linear.linear-connect
2024-05-05 08:42:53.925 [info] Installing extension: equinusocio.vsc-material-theme-icons
2024-05-05 08:42:53.925 [info] Installing extension: equinusocio.vsc-material-theme
2024-05-05 08:42:53.925 [info] Installing extension: mongodb.mongodb-vscode
2024-05-05 08:42:53.925 [info] Installing extension: ms-ceintl.vscode-language-pack-zh-hans
2024-05-05 08:42:53.925 [info] Installing extension: redhat.vscode-yaml
2024-05-05 08:42:53.925 [info] Installing extension: codeium.codeium
2024-05-05 08:42:53.925 [info] Installing extension: ing-bank.vscode-psl
2024-05-05 08:42:53.925 [info] Installing extension: vscodevim.vim
2024-05-05 08:42:53.926 [info] Installing extension: dbaeumer.vscode-eslint
2024-05-05 08:42:53.926 [info] Installing extension: vadimcn.vscode-lldb
2024-05-05 08:42:53.926 [info] Installing extension: cweijan.vscode-redis-client
2024-05-05 08:42:53.926 [info] Installing extension: ms-toolsai.vscode-jupyter-cell-tags
2024-05-05 08:42:53.926 [info] Installing extension: ms-toolsai.jupyter-renderers
2024-05-05 08:42:53.926 [info] Installing extension: ms-toolsai.jupyter-keymap
2024-05-05 08:42:53.926 [info] Installing extension: donjayamanne.python-environment-manager
2024-05-05 08:42:53.926 [info] Installing extension: ms-toolsai.jupyter
2024-05-05 08:42:53.926 [info] Installing extension: golang.go
2024-05-05 08:42:53.926 [info] Installing extension: wenfangdu.snippet-generator
2024-05-05 08:42:53.926 [info] Installing extension: davidanson.vscode-markdownlint
2024-05-05 08:42:53.926 [info] Installing extension: pkief.material-icon-theme
2024-05-05 08:42:53.927 [info] Installing extension: intellsmi.comment-translate
2024-05-05 08:42:53.927 [info] Installing extension: hediet.debug-visualizer
2024-05-05 08:42:53.927 [info] Installing the extension without checking dependencies and pack ms-vscode-remote.remote-ssh
2024-05-05 08:42:53.927 [info] Installing the extension without checking dependencies and pack ms-vscode-remote.vscode-remote-extensionpack
2024-05-05 08:42:53.927 [info] Installing the extension without checking dependencies and pack ms-vscode-remote.remote-ssh-edit
2024-05-05 08:42:53.927 [info] Installing the extension without checking dependencies and pack ms-vscode-remote.remote-containers
2024-05-05 08:42:53.927 [info] Installing the extension without checking dependencies and pack jeff-hykin.better-dockerfile-syntax
2024-05-05 08:42:53.928 [info] Installing the extension without checking dependencies and pack ms-vscode.remote-server
2024-05-05 08:42:53.928 [info] Installing the extension without checking dependencies and pack jock.svg
2024-05-05 08:42:53.928 [info] Installing the extension without checking dependencies and pack azemoh.one-monokai
2024-05-05 08:42:53.928 [info] Installing the extension without checking dependencies and pack ms-vscode.live-server
2024-05-05 08:42:53.928 [info] Installing the extension without checking dependencies and pack ms-vscode.remote-explorer
2024-05-05 08:42:53.928 [info] Installing the extension without checking dependencies and pack ms-python.python
2024-05-05 08:42:53.928 [info] Installing the extension without checking dependencies and pack ms-azuretools.vscode-docker
2024-05-05 08:42:53.928 [info] Installing the extension without checking dependencies and pack ms-python.vscode-pylance
2024-05-05 08:42:53.928 [info] Installing the extension without checking dependencies and pack ms-python.debugpy
2024-05-05 08:42:53.928 [info] Installing the extension without checking dependencies and pack mhutchie.git-graph
2024-05-05 08:42:53.928 [info] Installing the extension without checking dependencies and pack ms-toolsai.vscode-jupyter-slideshow
2024-05-05 08:42:53.928 [info] Installing the extension without checking dependencies and pack me-dutour-mathieu.vscode-github-actions
2024-05-05 08:42:53.928 [info] Installing the extension without checking dependencies and pack ms-kubernetes-tools.vscode-kubernetes-tools
2024-05-05 08:42:53.928 [info] Installing the extension without checking dependencies and pack sumneko.lua
2024-05-05 08:42:53.928 [info] Installing the extension without checking dependencies and pack tamasfe.even-better-toml
2024-05-05 08:42:53.928 [info] Installing the extension without checking dependencies and pack raunofreiberg.vesper
2024-05-05 08:42:53.928 [info] Installing the extension without checking dependencies and pack christian-kohler.npm-intellisense
2024-05-05 08:42:53.929 [info] Installing the extension without checking dependencies and pack linear.linear-connect
2024-05-05 08:42:53.929 [info] Installing the extension without checking dependencies and pack equinusocio.vsc-material-theme-icons
2024-05-05 08:42:53.929 [info] Installing the extension without checking dependencies and pack equinusocio.vsc-material-theme
2024-05-05 08:42:53.929 [info] Installing the extension without checking dependencies and pack mongodb.mongodb-vscode
2024-05-05 08:42:53.929 [info] Installing the extension without checking dependencies and pack ms-ceintl.vscode-language-pack-zh-hans
2024-05-05 08:42:53.929 [info] Installing the extension without checking dependencies and pack redhat.vscode-yaml
2024-05-05 08:42:53.929 [info] Installing the extension without checking dependencies and pack codeium.codeium
2024-05-05 08:42:53.929 [info] Installing the extension without checking dependencies and pack ing-bank.vscode-psl
2024-05-05 08:42:53.929 [info] Installing the extension without checking dependencies and pack vscodevim.vim
2024-05-05 08:42:53.929 [info] Installing the extension without checking dependencies and pack dbaeumer.vscode-eslint
2024-05-05 08:42:53.929 [info] Installing the extension without checking dependencies and pack vadimcn.vscode-lldb
2024-05-05 08:42:53.929 [info] Installing the extension without checking dependencies and pack cweijan.vscode-redis-client
2024-05-05 08:42:53.929 [info] Installing the extension without checking dependencies and pack ms-toolsai.vscode-jupyter-cell-tags
2024-05-05 08:42:53.929 [info] Installing the extension without checking dependencies and pack ms-toolsai.jupyter-renderers
2024-05-05 08:42:53.929 [info] Installing the extension without checking dependencies and pack ms-toolsai.jupyter-keymap
2024-05-05 08:42:53.929 [info] Installing the extension without checking dependencies and pack donjayamanne.python-environment-manager
2024-05-05 08:42:53.929 [info] Installing the extension without checking dependencies and pack ms-toolsai.jupyter
2024-05-05 08:42:53.930 [info] Installing the extension without checking dependencies and pack golang.go
2024-05-05 08:42:53.930 [info] Installing the extension without checking dependencies and pack wenfangdu.snippet-generator
2024-05-05 08:42:53.930 [info] Installing the extension without checking dependencies and pack davidanson.vscode-markdownlint
2024-05-05 08:42:53.930 [info] Installing the extension without checking dependencies and pack pkief.material-icon-theme
2024-05-05 08:42:53.930 [info] Installing the extension without checking dependencies and pack intellsmi.comment-translate
2024-05-05 08:42:53.930 [info] Installing the extension without checking dependencies and pack hediet.debug-visualizer
2024-05-05 08:42:57.730 [info] Extension signature verification result for vadimcn.vscode-lldb: Success. Duration: 1683ms.
2024-05-05 08:42:57.730 [info] Extension signature verification result for raunofreiberg.vesper: Success. Duration: 1901ms.
2024-05-05 08:42:57.738 [info] Extension signature verification result for linear.linear-connect: Success. Duration: 1701ms.
2024-05-05 08:42:57.740 [info] Extension signature verification result for azemoh.one-monokai: Success. Duration: 1800ms.
2024-05-05 08:42:57.766 [info] Extracted extension to file:///home/mkzero/.vscode/extensions/raunofreiberg.vesper-0.0.39: raunofreiberg.vesper
2024-05-05 08:42:57.775 [info] Renamed to /home/mkzero/.vscode/extensions/raunofreiberg.vesper-0.0.39
2024-05-05 08:42:57.776 [info] Extracted extension to file:///home/mkzero/.vscode/extensions/vadimcn.vscode-lldb-1.10.0: vadimcn.vscode-lldb
2024-05-05 08:42:57.778 [info] Extracting extension completed. raunofreiberg.vesper
2024-05-05 08:42:57.779 [info] Extension signature verification result for mhutchie.git-graph: Success. Duration: 1583ms.
2024-05-05 08:42:57.783 [info] Extension signature verification result for dbaeumer.vscode-eslint: Success. Duration: 1263ms.
2024-05-05 08:42:57.784 [info] Renamed to /home/mkzero/.vscode/extensions/vadimcn.vscode-lldb-1.10.0
2024-05-05 08:42:57.787 [info] Extracting extension completed. vadimcn.vscode-lldb
2024-05-05 08:42:57.793 [info] Extracted extension to file:///home/mkzero/.vscode/extensions/linear.linear-connect-1.0.3: linear.linear-connect
2024-05-05 08:42:57.800 [info] Renamed to /home/mkzero/.vscode/extensions/linear.linear-connect-1.0.3
2024-05-05 08:42:57.805 [info] Extracting extension completed. linear.linear-connect
2024-05-05 08:42:57.810 [info] Extracted extension to file:///home/mkzero/.vscode/extensions/azemoh.one-monokai-0.5.0: azemoh.one-monokai
2024-05-05 08:42:57.815 [info] Renamed to /home/mkzero/.vscode/extensions/azemoh.one-monokai-0.5.0
2024-05-05 08:42:57.817 [info] Extracting extension completed. azemoh.one-monokai
2024-05-05 08:42:57.826 [info] Extracted extension to file:///home/mkzero/.vscode/extensions/dbaeumer.vscode-eslint-2.4.4: dbaeumer.vscode-eslint
2024-05-05 08:42:57.830 [info] Renamed to /home/mkzero/.vscode/extensions/dbaeumer.vscode-eslint-2.4.4
2024-05-05 08:42:57.831 [info] Extracting extension completed. dbaeumer.vscode-eslint
2024-05-05 08:42:57.853 [info] Extracted extension to file:///home/mkzero/.vscode/extensions/mhutchie.git-graph-1.30.0: mhutchie.git-graph
2024-05-05 08:42:57.858 [info] Renamed to /home/mkzero/.vscode/extensions/mhutchie.git-graph-1.30.0
2024-05-05 08:42:57.862 [error] [uncaught exception in sharedProcess]: Error: ENOENT: no such file or directory, stat '/home/mkzero/.vscode/extensions/extensions.json.vsctmp': EntryNotFound (FileSystemError): Error: ENOENT: no such file or directory, stat '/home/mkzero/.vscode/extensions/extensions.json.vsctmp'
    at a.create (/usr/share/code/resources/app/out/vs/code/node/sharedProcess/sharedProcessMain.js:53:30019)
    at b (/usr/share/code/resources/app/out/vs/code/node/sharedProcess/sharedProcessMain.js:53:30130)
    at t.hb (/usr/share/code/resources/app/out/vs/code/node/sharedProcess/sharedProcessMain.js:58:36600)
    at t.stat (/usr/share/code/resources/app/out/vs/code/node/sharedProcess/sharedProcessMain.js:58:29040)
    at async $.stat (/usr/share/code/resources/app/out/vs/code/node/sharedProcess/sharedProcessMain.js:58:16186)
    at async J.sb (/usr/share/code/resources/app/out/vs/code/node/sharedProcess/sharedProcessMain.js:104:109501)
2024-05-05 08:42:57.863 [info] Extracting extension completed. mhutchie.git-graph
2024-05-05 08:42:57.880 [info] Extension signature verification result for golang.go: Success. Duration: 645ms.
2024-05-05 08:42:57.916 [info] Extracted extension to file:///home/mkzero/.vscode/extensions/golang.go-0.41.4: golang.go
2024-05-05 08:42:57.922 [info] Renamed to /home/mkzero/.vscode/extensions/golang.go-0.41.4
2024-05-05 08:42:57.924 [info] Extracting extension completed. golang.go
2024-05-05 08:42:58.018 [info] Extension signature verification result for vscodevim.vim: Success. Duration: 637ms.
2024-05-05 08:42:58.047 [info] Extracted extension to file:///home/mkzero/.vscode/extensions/vscodevim.vim-1.27.2: vscodevim.vim
2024-05-05 08:42:58.052 [info] Renamed to /home/mkzero/.vscode/extensions/vscodevim.vim-1.27.2
2024-05-05 08:42:58.054 [info] Extracting extension completed. vscodevim.vim
2024-05-05 08:42:58.089 [info] Extension signature verification result for me-dutour-mathieu.vscode-github-actions: Success. Duration: 1174ms.
2024-05-05 08:42:58.090 [info] Extension signature verification result for davidanson.vscode-markdownlint: Success. Duration: 1169ms.
2024-05-05 08:42:58.112 [info] Extracted extension to file:///home/mkzero/.vscode/extensions/davidanson.vscode-markdownlint-0.55.0: davidanson.vscode-markdownlint
2024-05-05 08:42:58.116 [info] Renamed to /home/mkzero/.vscode/extensions/davidanson.vscode-markdownlint-0.55.0
2024-05-05 08:42:58.117 [info] Extracting extension completed. davidanson.vscode-markdownlint
2024-05-05 08:42:58.131 [error] [uncaught exception in sharedProcess]: Error: ENOENT: no such file or directory, stat '/home/mkzero/.vscode/extensions/extensions.json.vsctmp': EntryNotFound (FileSystemError): Error: ENOENT: no such file or directory, stat '/home/mkzero/.vscode/extensions/extensions.json.vsctmp'
    at a.create (/usr/share/code/resources/app/out/vs/code/node/sharedProcess/sharedProcessMain.js:53:30019)
    at b (/usr/share/code/resources/app/out/vs/code/node/sharedProcess/sharedProcessMain.js:53:30130)
    at t.hb (/usr/share/code/resources/app/out/vs/code/node/sharedProcess/sharedProcessMain.js:58:36600)
    at t.stat (/usr/share/code/resources/app/out/vs/code/node/sharedProcess/sharedProcessMain.js:58:29040)
    at async $.stat (/usr/share/code/resources/app/out/vs/code/node/sharedProcess/sharedProcessMain.js:58:16186)
    at async J.sb (/usr/share/code/resources/app/out/vs/code/node/sharedProcess/sharedProcessMain.js:104:109501)
2024-05-05 08:42:58.144 [info] Extracted extension to file:///home/mkzero/.vscode/extensions/me-dutour-mathieu.vscode-github-actions-3.0.1: me-dutour-mathieu.vscode-github-actions
2024-05-05 08:42:58.147 [info] Renamed to /home/mkzero/.vscode/extensions/me-dutour-mathieu.vscode-github-actions-3.0.1
2024-05-05 08:42:58.149 [info] Extracting extension completed. me-dutour-mathieu.vscode-github-actions
2024-05-05 08:42:58.234 [info] Extension signature verification result for ing-bank.vscode-psl: Success. Duration: 760ms.
2024-05-05 08:42:58.273 [info] Extension signature verification result for ms-vscode.remote-explorer: Success. Duration: 657ms.
2024-05-05 08:42:58.302 [info] Extracted extension to file:///home/mkzero/.vscode/extensions/ms-vscode.remote-explorer-0.4.3: ms-vscode.remote-explorer
2024-05-05 08:42:58.306 [info] Renamed to /home/mkzero/.vscode/extensions/ms-vscode.remote-explorer-0.4.3
2024-05-05 08:42:58.308 [info] Extracting extension completed. ms-vscode.remote-explorer
2024-05-05 08:42:58.389 [info] Extracted extension to file:///home/mkzero/.vscode/extensions/ing-bank.vscode-psl-1.12.2: ing-bank.vscode-psl
2024-05-05 08:42:58.396 [info] Renamed to /home/mkzero/.vscode/extensions/ing-bank.vscode-psl-1.12.2
2024-05-05 08:42:58.397 [info] Extracting extension completed. ing-bank.vscode-psl
2024-05-05 08:42:58.422 [info] Extension signature verification result for pkief.material-icon-theme: Success. Duration: 732ms.
2024-05-05 08:42:58.433 [info] Extension signature verification result for ms-ceintl.vscode-language-pack-zh-hans: Success. Duration: 1039ms.
2024-05-05 08:42:58.494 [info] Extracted extension to file:///home/mkzero/.vscode/extensions/ms-ceintl.vscode-language-pack-zh-hans-1.89.2024050109: ms-ceintl.vscode-language-pack-zh-hans
2024-05-05 08:42:58.501 [info] Renamed to /home/mkzero/.vscode/extensions/ms-ceintl.vscode-language-pack-zh-hans-1.89.2024050109
2024-05-05 08:42:58.503 [info] Extracting extension completed. ms-ceintl.vscode-language-pack-zh-hans
2024-05-05 08:42:58.509 [info] Adding language packs from the extension ms-ceintl.vscode-language-pack-zh-hans
2024-05-05 08:42:58.594 [info] Extension signature verification result for christian-kohler.npm-intellisense: Success. Duration: 637ms.
2024-05-05 08:42:58.621 [info] Extracted extension to file:///home/mkzero/.vscode/extensions/christian-kohler.npm-intellisense-1.4.5: christian-kohler.npm-intellisense
2024-05-05 08:42:58.625 [info] Renamed to /home/mkzero/.vscode/extensions/christian-kohler.npm-intellisense-1.4.5
2024-05-05 08:42:58.626 [info] Extracting extension completed. christian-kohler.npm-intellisense
2024-05-05 08:42:58.704 [info] Extension signature verification result for ms-vscode.remote-server: Success. Duration: 628ms.
2024-05-05 08:42:58.742 [info] Extracted extension to file:///home/mkzero/.vscode/extensions/ms-vscode.remote-server-1.5.1: ms-vscode.remote-server
2024-05-05 08:42:58.750 [info] Renamed to /home/mkzero/.vscode/extensions/ms-vscode.remote-server-1.5.1
2024-05-05 08:42:58.751 [info] Extracting extension completed. ms-vscode.remote-server
2024-05-05 08:42:58.825 [info] Extracted extension to file:///home/mkzero/.vscode/extensions/pkief.material-icon-theme-5.1.0: pkief.material-icon-theme
2024-05-05 08:42:58.829 [info] Renamed to /home/mkzero/.vscode/extensions/pkief.material-icon-theme-5.1.0
2024-05-05 08:42:58.830 [info] Extracting extension completed. pkief.material-icon-theme
2024-05-05 08:42:58.872 [info] Extension signature verification result for ms-vscode.live-server: Success. Duration: 632ms.
2024-05-05 08:42:58.892 [info] Extracted extension to file:///home/mkzero/.vscode/extensions/ms-vscode.live-server-0.4.13: ms-vscode.live-server
2024-05-05 08:42:58.898 [info] Renamed to /home/mkzero/.vscode/extensions/ms-vscode.live-server-0.4.13
2024-05-05 08:42:58.900 [info] Extracting extension completed. ms-vscode.live-server
2024-05-05 08:42:59.501 [info] Extension signature verification result for ms-azuretools.vscode-docker: Success. Duration: 600ms.
2024-05-05 08:42:59.562 [info] Extracted extension to file:///home/mkzero/.vscode/extensions/ms-azuretools.vscode-docker-1.29.1: ms-azuretools.vscode-docker
2024-05-05 08:42:59.566 [info] Extension signature verification result for redhat.vscode-yaml: Success. Duration: 614ms.
2024-05-05 08:42:59.568 [info] Renamed to /home/mkzero/.vscode/extensions/ms-azuretools.vscode-docker-1.29.1
2024-05-05 08:42:59.573 [info] Extracting extension completed. ms-azuretools.vscode-docker
2024-05-05 08:42:59.601 [info] Extension signature verification result for jock.svg: Success. Duration: 625ms.
2024-05-05 08:42:59.613 [info] Extracted extension to file:///home/mkzero/.vscode/extensions/redhat.vscode-yaml-1.14.0: redhat.vscode-yaml
2024-05-05 08:42:59.617 [info] Renamed to /home/mkzero/.vscode/extensions/redhat.vscode-yaml-1.14.0
2024-05-05 08:42:59.618 [info] Extracting extension completed. redhat.vscode-yaml
2024-05-05 08:42:59.651 [error] [uncaught exception in sharedProcess]: Error: ENOENT: no such file or directory, stat '/home/mkzero/.vscode/extensions/extensions.json.vsctmp': EntryNotFound (FileSystemError): Error: ENOENT: no such file or directory, stat '/home/mkzero/.vscode/extensions/extensions.json.vsctmp'
    at a.create (/usr/share/code/resources/app/out/vs/code/node/sharedProcess/sharedProcessMain.js:53:30019)
    at b (/usr/share/code/resources/app/out/vs/code/node/sharedProcess/sharedProcessMain.js:53:30130)
    at t.hb (/usr/share/code/resources/app/out/vs/code/node/sharedProcess/sharedProcessMain.js:58:36600)
    at t.stat (/usr/share/code/resources/app/out/vs/code/node/sharedProcess/sharedProcessMain.js:58:29040)
    at async $.stat (/usr/share/code/resources/app/out/vs/code/node/sharedProcess/sharedProcessMain.js:58:16186)
    at async J.sb (/usr/share/code/resources/app/out/vs/code/node/sharedProcess/sharedProcessMain.js:104:109501)
2024-05-05 08:42:59.658 [info] Extracted extension to file:///home/mkzero/.vscode/extensions/jock.svg-1.5.3: jock.svg
2024-05-05 08:42:59.665 [info] Renamed to /home/mkzero/.vscode/extensions/jock.svg-1.5.3
2024-05-05 08:42:59.666 [info] Extracting extension completed. jock.svg
2024-05-05 08:42:59.696 [info] Extension signature verification result for ms-kubernetes-tools.vscode-kubernetes-tools: Success. Duration: 605ms.
2024-05-05 08:42:59.753 [info] Extracted extension to file:///home/mkzero/.vscode/extensions/ms-kubernetes-tools.vscode-kubernetes-tools-1.3.16: ms-kubernetes-tools.vscode-kubernetes-tools
2024-05-05 08:42:59.756 [info] Renamed to /home/mkzero/.vscode/extensions/ms-kubernetes-tools.vscode-kubernetes-tools-1.3.16
2024-05-05 08:42:59.758 [info] Extracting extension completed. ms-kubernetes-tools.vscode-kubernetes-tools
2024-05-05 08:43:00.006 [info] Extension signature verification result for jeff-hykin.better-dockerfile-syntax: Success. Duration: 613ms.
2024-05-05 08:43:00.031 [info] Extracted extension to file:///home/mkzero/.vscode/extensions/jeff-hykin.better-dockerfile-syntax-1.0.2: jeff-hykin.better-dockerfile-syntax
2024-05-05 08:43:00.031 [info] Extension signature verification result for intellsmi.comment-translate: Success. Duration: 609ms.
2024-05-05 08:43:00.035 [info] Renamed to /home/mkzero/.vscode/extensions/jeff-hykin.better-dockerfile-syntax-1.0.2
2024-05-05 08:43:00.036 [info] Extracting extension completed. jeff-hykin.better-dockerfile-syntax
2024-05-05 08:43:00.113 [error] [uncaught exception in sharedProcess]: Error: ENOENT: no such file or directory, stat '/home/mkzero/.vscode/extensions/extensions.json.vsctmp': EntryNotFound (FileSystemError): Error: ENOENT: no such file or directory, stat '/home/mkzero/.vscode/extensions/extensions.json.vsctmp'
    at a.create (/usr/share/code/resources/app/out/vs/code/node/sharedProcess/sharedProcessMain.js:53:30019)
    at b (/usr/share/code/resources/app/out/vs/code/node/sharedProcess/sharedProcessMain.js:53:30130)
    at t.hb (/usr/share/code/resources/app/out/vs/code/node/sharedProcess/sharedProcessMain.js:58:36600)
    at t.stat (/usr/share/code/resources/app/out/vs/code/node/sharedProcess/sharedProcessMain.js:58:29040)
    at async $.stat (/usr/share/code/resources/app/out/vs/code/node/sharedProcess/sharedProcessMain.js:58:16186)
    at async J.sb (/usr/share/code/resources/app/out/vs/code/node/sharedProcess/sharedProcessMain.js:104:109501)
2024-05-05 08:43:00.143 [info] Extracted extension to file:///home/mkzero/.vscode/extensions/intellsmi.comment-translate-2.3.3: intellsmi.comment-translate
2024-05-05 08:43:00.147 [info] Renamed to /home/mkzero/.vscode/extensions/intellsmi.comment-translate-2.3.3
2024-05-05 08:43:00.148 [info] Extracting extension completed. intellsmi.comment-translate
2024-05-05 08:43:00.803 [info] Extension signature verification result for ms-vscode-remote.remote-ssh-edit: Success. Duration: 586ms.
2024-05-05 08:43:00.821 [info] Extension signature verification result for ms-vscode-remote.vscode-remote-extensionpack: Success. Duration: 595ms.
2024-05-05 08:43:00.832 [info] Extracted extension to file:///home/mkzero/.vscode/extensions/ms-vscode-remote.remote-ssh-edit-0.86.0: ms-vscode-remote.remote-ssh-edit
2024-05-05 08:43:00.833 [info] Extracted extension to file:///home/mkzero/.vscode/extensions/ms-vscode-remote.vscode-remote-extensionpack-0.25.0: ms-vscode-remote.vscode-remote-extensionpack
2024-05-05 08:43:00.834 [info] Extension signature verification result for ms-vscode-remote.remote-ssh: Success. Duration: 602ms.
2024-05-05 08:43:00.836 [info] Renamed to /home/mkzero/.vscode/extensions/ms-vscode-remote.remote-ssh-edit-0.86.0
2024-05-05 08:43:00.837 [info] Renamed to /home/mkzero/.vscode/extensions/ms-vscode-remote.vscode-remote-extensionpack-0.25.0
2024-05-05 08:43:00.838 [info] Extracting extension completed. ms-vscode-remote.remote-ssh-edit
2024-05-05 08:43:00.841 [info] Extracting extension completed. ms-vscode-remote.vscode-remote-extensionpack
2024-05-05 08:43:00.875 [info] Extracted extension to file:///home/mkzero/.vscode/extensions/ms-vscode-remote.remote-ssh-0.110.1: ms-vscode-remote.remote-ssh
2024-05-05 08:43:00.878 [info] Renamed to /home/mkzero/.vscode/extensions/ms-vscode-remote.remote-ssh-0.110.1
2024-05-05 08:43:00.880 [warning] [remote-ssh]: Couldn't find message for key setting.usseExecServer.description.
2024-05-05 08:43:00.880 [info] Extracting extension completed. ms-vscode-remote.remote-ssh
2024-05-05 08:43:00.918 [error] [uncaught exception in sharedProcess]: Error: ENOENT: no such file or directory, stat '/home/mkzero/.vscode/extensions/extensions.json.vsctmp': EntryNotFound (FileSystemError): Error: ENOENT: no such file or directory, stat '/home/mkzero/.vscode/extensions/extensions.json.vsctmp'
    at a.create (/usr/share/code/resources/app/out/vs/code/node/sharedProcess/sharedProcessMain.js:53:30019)
    at b (/usr/share/code/resources/app/out/vs/code/node/sharedProcess/sharedProcessMain.js:53:30130)
    at t.hb (/usr/share/code/resources/app/out/vs/code/node/sharedProcess/sharedProcessMain.js:58:36600)
    at t.stat (/usr/share/code/resources/app/out/vs/code/node/sharedProcess/sharedProcessMain.js:58:29040)
    at async $.stat (/usr/share/code/resources/app/out/vs/code/node/sharedProcess/sharedProcessMain.js:58:16186)
    at async J.sb (/usr/share/code/resources/app/out/vs/code/node/sharedProcess/sharedProcessMain.js:104:109501)
2024-05-05 08:43:01.025 [info] Extension signature verification result for ms-vscode-remote.remote-containers: Success. Duration: 636ms.
2024-05-05 08:43:01.119 [info] Extracted extension to file:///home/mkzero/.vscode/extensions/ms-vscode-remote.remote-containers-0.362.0: ms-vscode-remote.remote-containers
2024-05-05 08:43:01.135 [info] Renamed to /home/mkzero/.vscode/extensions/ms-vscode-remote.remote-containers-0.362.0
2024-05-05 08:43:01.136 [info] Extracting extension completed. ms-vscode-remote.remote-containers
2024-05-05 08:43:01.202 [error] [uncaught exception in sharedProcess]: Error: ENOENT: no such file or directory, stat '/home/mkzero/.vscode/extensions/extensions.json.vsctmp': EntryNotFound (FileSystemError): Error: ENOENT: no such file or directory, stat '/home/mkzero/.vscode/extensions/extensions.json.vsctmp'
    at a.create (/usr/share/code/resources/app/out/vs/code/node/sharedProcess/sharedProcessMain.js:53:30019)
    at b (/usr/share/code/resources/app/out/vs/code/node/sharedProcess/sharedProcessMain.js:53:30130)
    at t.hb (/usr/share/code/resources/app/out/vs/code/node/sharedProcess/sharedProcessMain.js:58:36600)
    at t.stat (/usr/share/code/resources/app/out/vs/code/node/sharedProcess/sharedProcessMain.js:58:29040)
    at async $.stat (/usr/share/code/resources/app/out/vs/code/node/sharedProcess/sharedProcessMain.js:58:16186)
    at async J.sb (/usr/share/code/resources/app/out/vs/code/node/sharedProcess/sharedProcessMain.js:104:109501)
2024-05-05 08:43:01.452 [info] Extension signature verification result for codeium.codeium: Success. Duration: 587ms.
2024-05-05 08:43:01.520 [info] Extracted extension to file:///home/mkzero/.vscode/extensions/codeium.codeium-1.8.28: codeium.codeium
2024-05-05 08:43:01.524 [info] Renamed to /home/mkzero/.vscode/extensions/codeium.codeium-1.8.28
2024-05-05 08:43:01.526 [info] Extracting extension completed. codeium.codeium
2024-05-05 08:43:01.604 [error] [uncaught exception in sharedProcess]: Error: ENOENT: no such file or directory, stat '/home/mkzero/.vscode/extensions/extensions.json.vsctmp': EntryNotFound (FileSystemError): Error: ENOENT: no such file or directory, stat '/home/mkzero/.vscode/extensions/extensions.json.vsctmp'
    at a.create (/usr/share/code/resources/app/out/vs/code/node/sharedProcess/sharedProcessMain.js:53:30019)
    at b (/usr/share/code/resources/app/out/vs/code/node/sharedProcess/sharedProcessMain.js:53:30130)
    at t.hb (/usr/share/code/resources/app/out/vs/code/node/sharedProcess/sharedProcessMain.js:58:36600)
    at t.stat (/usr/share/code/resources/app/out/vs/code/node/sharedProcess/sharedProcessMain.js:58:29040)
    at async $.stat (/usr/share/code/resources/app/out/vs/code/node/sharedProcess/sharedProcessMain.js:58:16186)
    at async J.sb (/usr/share/code/resources/app/out/vs/code/node/sharedProcess/sharedProcessMain.js:104:109501)
2024-05-05 08:43:01.927 [info] Extension signature verification result for cweijan.vscode-redis-client: Success. Duration: 597ms.
2024-05-05 08:43:02.112 [info] Extracted extension to file:///home/mkzero/.vscode/extensions/cweijan.vscode-redis-client-7.3.1: cweijan.vscode-redis-client
2024-05-05 08:43:02.116 [info] Renamed to /home/mkzero/.vscode/extensions/cweijan.vscode-redis-client-7.3.1
2024-05-05 08:43:02.119 [info] Extracting extension completed. cweijan.vscode-redis-client
2024-05-05 08:43:02.199 [error] [uncaught exception in sharedProcess]: Error: ENOENT: no such file or directory, stat '/home/mkzero/.vscode/extensions/extensions.json.vsctmp': EntryNotFound (FileSystemError): Error: ENOENT: no such file or directory, stat '/home/mkzero/.vscode/extensions/extensions.json.vsctmp'
    at a.create (/usr/share/code/resources/app/out/vs/code/node/sharedProcess/sharedProcessMain.js:53:30019)
    at b (/usr/share/code/resources/app/out/vs/code/node/sharedProcess/sharedProcessMain.js:53:30130)
    at t.hb (/usr/share/code/resources/app/out/vs/code/node/sharedProcess/sharedProcessMain.js:58:36600)
    at t.stat (/usr/share/code/resources/app/out/vs/code/node/sharedProcess/sharedProcessMain.js:58:29040)
    at async $.stat (/usr/share/code/resources/app/out/vs/code/node/sharedProcess/sharedProcessMain.js:58:16186)
    at async J.sb (/usr/share/code/resources/app/out/vs/code/node/sharedProcess/sharedProcessMain.js:104:109501)
2024-05-05 08:43:02.277 [info] Extension signature verification result for tamasfe.even-better-toml: Success. Duration: 651ms.
2024-05-05 08:43:02.308 [info] Extension signature verification result for equinusocio.vsc-material-theme: Success. Duration: 616ms.
2024-05-05 08:43:02.354 [info] Extracted extension to file:///home/mkzero/.vscode/extensions/equinusocio.vsc-material-theme-34.3.1: equinusocio.vsc-material-theme
2024-05-05 08:43:02.360 [info] Renamed to /home/mkzero/.vscode/extensions/equinusocio.vsc-material-theme-34.3.1
2024-05-05 08:43:02.362 [info] Extracting extension completed. equinusocio.vsc-material-theme
2024-05-05 08:43:02.381 [info] Extracted extension to file:///home/mkzero/.vscode/extensions/tamasfe.even-better-toml-0.19.2: tamasfe.even-better-toml
2024-05-05 08:43:02.384 [info] Renamed to /home/mkzero/.vscode/extensions/tamasfe.even-better-toml-0.19.2
2024-05-05 08:43:02.385 [info] Extracting extension completed. tamasfe.even-better-toml
2024-05-05 08:43:02.441 [error] [uncaught exception in sharedProcess]: Error: ENOENT: no such file or directory, stat '/home/mkzero/.vscode/extensions/extensions.json.vsctmp': EntryNotFound (FileSystemError): Error: ENOENT: no such file or directory, stat '/home/mkzero/.vscode/extensions/extensions.json.vsctmp'
    at a.create (/usr/share/code/resources/app/out/vs/code/node/sharedProcess/sharedProcessMain.js:53:30019)
    at b (/usr/share/code/resources/app/out/vs/code/node/sharedProcess/sharedProcessMain.js:53:30130)
    at t.hb (/usr/share/code/resources/app/out/vs/code/node/sharedProcess/sharedProcessMain.js:58:36600)
    at t.stat (/usr/share/code/resources/app/out/vs/code/node/sharedProcess/sharedProcessMain.js:58:29040)
    at async $.stat (/usr/share/code/resources/app/out/vs/code/node/sharedProcess/sharedProcessMain.js:58:16186)
    at async J.sb (/usr/share/code/resources/app/out/vs/code/node/sharedProcess/sharedProcessMain.js:104:109501)
2024-05-05 08:43:02.790 [info] Extension signature verification result for equinusocio.vsc-material-theme-icons: Success. Duration: 694ms.
2024-05-05 08:43:02.838 [info] Extension signature verification result for ms-toolsai.vscode-jupyter-cell-tags: Success. Duration: 628ms.
2024-05-05 08:43:02.843 [info] Extension signature verification result for ms-toolsai.jupyter-keymap: Success. Duration: 641ms.
2024-05-05 08:43:02.851 [info] Extracted extension to file:///home/mkzero/.vscode/extensions/ms-toolsai.jupyter-keymap-1.1.2: ms-toolsai.jupyter-keymap
2024-05-05 08:43:02.855 [info] Renamed to /home/mkzero/.vscode/extensions/ms-toolsai.jupyter-keymap-1.1.2
2024-05-05 08:43:02.856 [info] Extracting extension completed. ms-toolsai.jupyter-keymap
2024-05-05 08:43:02.861 [info] Extracted extension to file:///home/mkzero/.vscode/extensions/ms-toolsai.vscode-jupyter-cell-tags-0.1.9: ms-toolsai.vscode-jupyter-cell-tags
2024-05-05 08:43:02.866 [info] Renamed to /home/mkzero/.vscode/extensions/ms-toolsai.vscode-jupyter-cell-tags-0.1.9
2024-05-05 08:43:02.867 [info] Extracting extension completed. ms-toolsai.vscode-jupyter-cell-tags
2024-05-05 08:43:02.935 [error] [uncaught exception in sharedProcess]: Error: ENOENT: no such file or directory, stat '/home/mkzero/.vscode/extensions/extensions.json.vsctmp': EntryNotFound (FileSystemError): Error: ENOENT: no such file or directory, stat '/home/mkzero/.vscode/extensions/extensions.json.vsctmp'
    at a.create (/usr/share/code/resources/app/out/vs/code/node/sharedProcess/sharedProcessMain.js:53:30019)
    at b (/usr/share/code/resources/app/out/vs/code/node/sharedProcess/sharedProcessMain.js:53:30130)
    at t.hb (/usr/share/code/resources/app/out/vs/code/node/sharedProcess/sharedProcessMain.js:58:36600)
    at t.stat (/usr/share/code/resources/app/out/vs/code/node/sharedProcess/sharedProcessMain.js:58:29040)
    at async $.stat (/usr/share/code/resources/app/out/vs/code/node/sharedProcess/sharedProcessMain.js:58:16186)
    at async J.sb (/usr/share/code/resources/app/out/vs/code/node/sharedProcess/sharedProcessMain.js:104:109501)
2024-05-05 08:43:03.083 [info] Extension signature verification result for donjayamanne.python-environment-manager: Success. Duration: 608ms.
2024-05-05 08:43:03.213 [info] Extension signature verification result for ms-toolsai.vscode-jupyter-slideshow: Success. Duration: 600ms.
2024-05-05 08:43:03.245 [info] Extracted extension to file:///home/mkzero/.vscode/extensions/ms-toolsai.vscode-jupyter-slideshow-0.1.6: ms-toolsai.vscode-jupyter-slideshow
2024-05-05 08:43:03.249 [info] Renamed to /home/mkzero/.vscode/extensions/ms-toolsai.vscode-jupyter-slideshow-0.1.6
2024-05-05 08:43:03.250 [info] Extracting extension completed. ms-toolsai.vscode-jupyter-slideshow
2024-05-05 08:43:03.260 [error] [uncaught exception in sharedProcess]: Error: ENOENT: no such file or directory, stat '/home/mkzero/.vscode/extensions/extensions.json.vsctmp': EntryNotFound (FileSystemError): Error: ENOENT: no such file or directory, stat '/home/mkzero/.vscode/extensions/extensions.json.vsctmp'
    at a.create (/usr/share/code/resources/app/out/vs/code/node/sharedProcess/sharedProcessMain.js:53:30019)
    at b (/usr/share/code/resources/app/out/vs/code/node/sharedProcess/sharedProcessMain.js:53:30130)
    at t.hb (/usr/share/code/resources/app/out/vs/code/node/sharedProcess/sharedProcessMain.js:58:36600)
    at t.stat (/usr/share/code/resources/app/out/vs/code/node/sharedProcess/sharedProcessMain.js:58:29040)
    at async $.stat (/usr/share/code/resources/app/out/vs/code/node/sharedProcess/sharedProcessMain.js:58:16186)
    at async J.sb (/usr/share/code/resources/app/out/vs/code/node/sharedProcess/sharedProcessMain.js:104:109501)
2024-05-05 08:43:03.294 [info] Extracted extension to file:///home/mkzero/.vscode/extensions/donjayamanne.python-environment-manager-1.2.4: donjayamanne.python-environment-manager
2024-05-05 08:43:03.297 [info] Renamed to /home/mkzero/.vscode/extensions/donjayamanne.python-environment-manager-1.2.4
2024-05-05 08:43:03.300 [info] Extracting extension completed. donjayamanne.python-environment-manager
2024-05-05 08:43:04.021 [info] Extracted extension to file:///home/mkzero/.vscode/extensions/equinusocio.vsc-material-theme-icons-3.6.0: equinusocio.vsc-material-theme-icons
2024-05-05 08:43:04.027 [info] Extension signature verification result for mongodb.mongodb-vscode: Success. Duration: 624ms.
2024-05-05 08:43:04.028 [info] Renamed to /home/mkzero/.vscode/extensions/equinusocio.vsc-material-theme-icons-3.6.0
2024-05-05 08:43:04.029 [info] Extracting extension completed. equinusocio.vsc-material-theme-icons
2024-05-05 08:43:04.107 [error] [uncaught exception in sharedProcess]: Error: ENOENT: no such file or directory, stat '/home/mkzero/.vscode/extensions/extensions.json.vsctmp': EntryNotFound (FileSystemError): Error: ENOENT: no such file or directory, stat '/home/mkzero/.vscode/extensions/extensions.json.vsctmp'
    at a.create (/usr/share/code/resources/app/out/vs/code/node/sharedProcess/sharedProcessMain.js:53:30019)
    at b (/usr/share/code/resources/app/out/vs/code/node/sharedProcess/sharedProcessMain.js:53:30130)
    at t.hb (/usr/share/code/resources/app/out/vs/code/node/sharedProcess/sharedProcessMain.js:58:36600)
    at t.stat (/usr/share/code/resources/app/out/vs/code/node/sharedProcess/sharedProcessMain.js:58:29040)
    at async $.stat (/usr/share/code/resources/app/out/vs/code/node/sharedProcess/sharedProcessMain.js:58:16186)
    at async J.sb (/usr/share/code/resources/app/out/vs/code/node/sharedProcess/sharedProcessMain.js:104:109501)
2024-05-05 08:43:04.193 [info] Extracted extension to file:///home/mkzero/.vscode/extensions/mongodb.mongodb-vscode-1.6.0: mongodb.mongodb-vscode
2024-05-05 08:43:04.196 [info] Renamed to /home/mkzero/.vscode/extensions/mongodb.mongodb-vscode-1.6.0
2024-05-05 08:43:04.197 [info] Extracting extension completed. mongodb.mongodb-vscode
2024-05-05 08:43:06.191 [info] Extension signature verification result for sumneko.lua: Success. Duration: 587ms.
2024-05-05 08:43:07.248 [info] Extracted extension to file:///home/mkzero/.vscode/extensions/sumneko.lua-3.8.3-linux-x64: sumneko.lua
2024-05-05 08:43:07.264 [info] Renamed to /home/mkzero/.vscode/extensions/sumneko.lua-3.8.3-linux-x64
2024-05-05 08:43:07.267 [info] Extracting extension completed. sumneko.lua
2024-05-05 08:43:07.301 [info] Extension signature verification result for ms-python.debugpy: Success. Duration: 658ms.
2024-05-05 08:43:07.311 [info] Extension signature verification result for ms-toolsai.jupyter-renderers: Success. Duration: 674ms.
2024-05-05 08:43:07.347 [error] [uncaught exception in sharedProcess]: Error: ENOENT: no such file or directory, stat '/home/mkzero/.vscode/extensions/extensions.json.vsctmp': EntryNotFound (FileSystemError): Error: ENOENT: no such file or directory, stat '/home/mkzero/.vscode/extensions/extensions.json.vsctmp'
    at a.create (/usr/share/code/resources/app/out/vs/code/node/sharedProcess/sharedProcessMain.js:53:30019)
    at b (/usr/share/code/resources/app/out/vs/code/node/sharedProcess/sharedProcessMain.js:53:30130)
    at t.hb (/usr/share/code/resources/app/out/vs/code/node/sharedProcess/sharedProcessMain.js:58:36600)
    at t.stat (/usr/share/code/resources/app/out/vs/code/node/sharedProcess/sharedProcessMain.js:58:29040)
    at async $.stat (/usr/share/code/resources/app/out/vs/code/node/sharedProcess/sharedProcessMain.js:58:16186)
    at async J.sb (/usr/share/code/resources/app/out/vs/code/node/sharedProcess/sharedProcessMain.js:104:109501)
2024-05-05 08:43:07.540 [info] Extracted extension to file:///home/mkzero/.vscode/extensions/ms-toolsai.jupyter-renderers-1.0.17: ms-toolsai.jupyter-renderers
2024-05-05 08:43:07.543 [info] Renamed to /home/mkzero/.vscode/extensions/ms-toolsai.jupyter-renderers-1.0.17
2024-05-05 08:43:07.544 [info] Extracting extension completed. ms-toolsai.jupyter-renderers
2024-05-05 08:43:07.575 [info] Extracted extension to file:///home/mkzero/.vscode/extensions/ms-python.debugpy-2024.6.0-linux-x64: ms-python.debugpy
2024-05-05 08:43:07.578 [info] Renamed to /home/mkzero/.vscode/extensions/ms-python.debugpy-2024.6.0-linux-x64
2024-05-05 08:43:07.580 [info] Extracting extension completed. ms-python.debugpy
2024-05-05 08:43:07.623 [error] [uncaught exception in sharedProcess]: Error: ENOENT: no such file or directory, stat '/home/mkzero/.vscode/extensions/extensions.json.vsctmp': EntryNotFound (FileSystemError): Error: ENOENT: no such file or directory, stat '/home/mkzero/.vscode/extensions/extensions.json.vsctmp'
    at a.create (/usr/share/code/resources/app/out/vs/code/node/sharedProcess/sharedProcessMain.js:53:30019)
    at b (/usr/share/code/resources/app/out/vs/code/node/sharedProcess/sharedProcessMain.js:53:30130)
    at t.hb (/usr/share/code/resources/app/out/vs/code/node/sharedProcess/sharedProcessMain.js:58:36600)
    at t.stat (/usr/share/code/resources/app/out/vs/code/node/sharedProcess/sharedProcessMain.js:58:29040)
    at async $.stat (/usr/share/code/resources/app/out/vs/code/node/sharedProcess/sharedProcessMain.js:58:16186)
    at async J.sb (/usr/share/code/resources/app/out/vs/code/node/sharedProcess/sharedProcessMain.js:104:109501)
2024-05-05 08:43:07.665 [info] Extension signature verification result for ms-toolsai.jupyter: Success. Duration: 672ms.
2024-05-05 08:43:07.838 [info] Extracted extension to file:///home/mkzero/.vscode/extensions/ms-toolsai.jupyter-2024.4.0-linux-x64: ms-toolsai.jupyter
2024-05-05 08:43:07.841 [info] Renamed to /home/mkzero/.vscode/extensions/ms-toolsai.jupyter-2024.4.0-linux-x64
2024-05-05 08:43:07.841 [info] Extracting extension completed. ms-toolsai.jupyter
2024-05-05 08:43:07.960 [error] [uncaught exception in sharedProcess]: Error: ENOENT: no such file or directory, stat '/home/mkzero/.vscode/extensions/extensions.json.vsctmp': EntryNotFound (FileSystemError): Error: ENOENT: no such file or directory, stat '/home/mkzero/.vscode/extensions/extensions.json.vsctmp'
    at a.create (/usr/share/code/resources/app/out/vs/code/node/sharedProcess/sharedProcessMain.js:53:30019)
    at b (/usr/share/code/resources/app/out/vs/code/node/sharedProcess/sharedProcessMain.js:53:30130)
    at t.hb (/usr/share/code/resources/app/out/vs/code/node/sharedProcess/sharedProcessMain.js:58:36600)
    at t.stat (/usr/share/code/resources/app/out/vs/code/node/sharedProcess/sharedProcessMain.js:58:29040)
    at async $.stat (/usr/share/code/resources/app/out/vs/code/node/sharedProcess/sharedProcessMain.js:58:16186)
    at async J.sb (/usr/share/code/resources/app/out/vs/code/node/sharedProcess/sharedProcessMain.js:104:109501)
2024-05-05 08:43:08.293 [info] Extension signature verification result for wenfangdu.snippet-generator: Success. Duration: 605ms.
2024-05-05 08:43:08.455 [info] Extracted extension to file:///home/mkzero/.vscode/extensions/wenfangdu.snippet-generator-0.3.8: wenfangdu.snippet-generator
2024-05-05 08:43:08.459 [info] Renamed to /home/mkzero/.vscode/extensions/wenfangdu.snippet-generator-0.3.8
2024-05-05 08:43:08.460 [info] Extracting extension completed. wenfangdu.snippet-generator
2024-05-05 08:43:08.470 [error] [uncaught exception in sharedProcess]: Error: ENOENT: no such file or directory, stat '/home/mkzero/.vscode/extensions/extensions.json.vsctmp': EntryNotFound (FileSystemError): Error: ENOENT: no such file or directory, stat '/home/mkzero/.vscode/extensions/extensions.json.vsctmp'
    at a.create (/usr/share/code/resources/app/out/vs/code/node/sharedProcess/sharedProcessMain.js:53:30019)
    at b (/usr/share/code/resources/app/out/vs/code/node/sharedProcess/sharedProcessMain.js:53:30130)
    at t.hb (/usr/share/code/resources/app/out/vs/code/node/sharedProcess/sharedProcessMain.js:58:36600)
    at t.stat (/usr/share/code/resources/app/out/vs/code/node/sharedProcess/sharedProcessMain.js:58:29040)
    at async $.stat (/usr/share/code/resources/app/out/vs/code/node/sharedProcess/sharedProcessMain.js:58:16186)
    at async J.sb (/usr/share/code/resources/app/out/vs/code/node/sharedProcess/sharedProcessMain.js:104:109501)
2024-05-05 08:43:08.561 [info] Extension signature verification result for ms-python.python: Success. Duration: 659ms.
2024-05-05 08:43:08.864 [info] Extension signature verification result for hediet.debug-visualizer: Success. Duration: 639ms.
2024-05-05 08:43:09.543 [info] Extracted extension to file:///home/mkzero/.vscode/extensions/hediet.debug-visualizer-2.4.0: hediet.debug-visualizer
2024-05-05 08:43:09.554 [info] Renamed to /home/mkzero/.vscode/extensions/hediet.debug-visualizer-2.4.0
2024-05-05 08:43:09.555 [info] Extracting extension completed. hediet.debug-visualizer
2024-05-05 08:43:09.633 [error] [uncaught exception in sharedProcess]: Error: ENOENT: no such file or directory, stat '/home/mkzero/.vscode/extensions/extensions.json.vsctmp': EntryNotFound (FileSystemError): Error: ENOENT: no such file or directory, stat '/home/mkzero/.vscode/extensions/extensions.json.vsctmp'
    at a.create (/usr/share/code/resources/app/out/vs/code/node/sharedProcess/sharedProcessMain.js:53:30019)
    at b (/usr/share/code/resources/app/out/vs/code/node/sharedProcess/sharedProcessMain.js:53:30130)
    at t.hb (/usr/share/code/resources/app/out/vs/code/node/sharedProcess/sharedProcessMain.js:58:36600)
    at t.stat (/usr/share/code/resources/app/out/vs/code/node/sharedProcess/sharedProcessMain.js:58:29040)
    at async $.stat (/usr/share/code/resources/app/out/vs/code/node/sharedProcess/sharedProcessMain.js:58:16186)
    at async J.sb (/usr/share/code/resources/app/out/vs/code/node/sharedProcess/sharedProcessMain.js:104:109501)
2024-05-05 08:43:09.639 [info] Extracted extension to file:///home/mkzero/.vscode/extensions/ms-python.python-2024.6.0: ms-python.python
2024-05-05 08:43:09.643 [info] Renamed to /home/mkzero/.vscode/extensions/ms-python.python-2024.6.0
2024-05-05 08:43:09.645 [info] Extracting extension completed. ms-python.python
2024-05-05 08:43:09.847 [info] Extension signature verification result for ms-python.vscode-pylance: Success. Duration: 641ms.
2024-05-05 08:43:11.186 [warning] [remote-ssh]: Couldn't find message for key setting.usseExecServer.description.
2024-05-05 08:43:11.203 [warning] [remote-ssh]: Couldn't find message for key setting.usseExecServer.description.
2024-05-05 08:43:11.228 [warning] [remote-ssh]: Couldn't find message for key setting.usseExecServer.description.
2024-05-05 08:43:12.365 [info] Extracted extension to file:///home/mkzero/.vscode/extensions/ms-python.vscode-pylance-2024.4.1: ms-python.vscode-pylance
2024-05-05 08:43:12.376 [info] Renamed to /home/mkzero/.vscode/extensions/ms-python.vscode-pylance-2024.4.1
2024-05-05 08:43:12.378 [info] Extracting extension completed. ms-python.vscode-pylance
2024-05-05 08:43:12.392 [info] Extension installed successfully: raunofreiberg.vesper
2024-05-05 08:43:12.392 [info] Extension installed successfully: vadimcn.vscode-lldb
2024-05-05 08:43:12.393 [info] Extension installed successfully: linear.linear-connect
2024-05-05 08:43:12.393 [info] Extension installed successfully: azemoh.one-monokai
2024-05-05 08:43:12.393 [info] Extension installed successfully: dbaeumer.vscode-eslint
2024-05-05 08:43:12.393 [info] Extension installed successfully: mhutchie.git-graph
2024-05-05 08:43:12.393 [info] Extension installed successfully: golang.go
2024-05-05 08:43:12.393 [info] Extension installed successfully: vscodevim.vim
2024-05-05 08:43:12.393 [info] Extension installed successfully: davidanson.vscode-markdownlint
2024-05-05 08:43:12.393 [info] Extension installed successfully: me-dutour-mathieu.vscode-github-actions
2024-05-05 08:43:12.393 [info] Extension installed successfully: ms-vscode.remote-explorer
2024-05-05 08:43:12.393 [info] Extension installed successfully: ing-bank.vscode-psl
2024-05-05 08:43:12.393 [info] Extension installed successfully: ms-ceintl.vscode-language-pack-zh-hans
2024-05-05 08:43:12.394 [info] Extension installed successfully: christian-kohler.npm-intellisense
2024-05-05 08:43:12.394 [info] Extension installed successfully: ms-vscode.remote-server
2024-05-05 08:43:12.394 [info] Extension installed successfully: pkief.material-icon-theme
2024-05-05 08:43:12.394 [info] Extension installed successfully: ms-vscode.live-server
2024-05-05 08:43:12.394 [info] Extension installed successfully: ms-azuretools.vscode-docker
2024-05-05 08:43:12.394 [info] Extension installed successfully: redhat.vscode-yaml
2024-05-05 08:43:12.394 [info] Extension installed successfully: jock.svg
2024-05-05 08:43:12.394 [info] Extension installed successfully: ms-kubernetes-tools.vscode-kubernetes-tools
2024-05-05 08:43:12.394 [info] Extension installed successfully: jeff-hykin.better-dockerfile-syntax
2024-05-05 08:43:12.394 [info] Extension installed successfully: intellsmi.comment-translate
2024-05-05 08:43:12.394 [info] Extension installed successfully: ms-vscode-remote.remote-ssh-edit
2024-05-05 08:43:12.395 [info] Extension installed successfully: ms-vscode-remote.vscode-remote-extensionpack
2024-05-05 08:43:12.395 [info] Extension installed successfully: ms-vscode-remote.remote-ssh
2024-05-05 08:43:12.395 [info] Extension installed successfully: ms-vscode-remote.remote-containers
2024-05-05 08:43:12.395 [info] Extension installed successfully: codeium.codeium
2024-05-05 08:43:12.395 [info] Extension installed successfully: cweijan.vscode-redis-client
2024-05-05 08:43:12.395 [info] Extension installed successfully: equinusocio.vsc-material-theme
2024-05-05 08:43:12.395 [info] Extension installed successfully: tamasfe.even-better-toml
2024-05-05 08:43:12.395 [info] Extension installed successfully: ms-toolsai.jupyter-keymap
2024-05-05 08:43:12.395 [info] Extension installed successfully: ms-toolsai.vscode-jupyter-cell-tags
2024-05-05 08:43:12.395 [info] Extension installed successfully: ms-toolsai.vscode-jupyter-slideshow
2024-05-05 08:43:12.396 [info] Extension installed successfully: donjayamanne.python-environment-manager
2024-05-05 08:43:12.396 [info] Extension installed successfully: equinusocio.vsc-material-theme-icons
2024-05-05 08:43:12.396 [info] Extension installed successfully: mongodb.mongodb-vscode
2024-05-05 08:43:12.396 [info] Extension installed successfully: sumneko.lua
2024-05-05 08:43:12.396 [info] Extension installed successfully: ms-toolsai.jupyter-renderers
2024-05-05 08:43:12.396 [info] Extension installed successfully: ms-python.debugpy
2024-05-05 08:43:12.396 [info] Extension installed successfully: ms-toolsai.jupyter
2024-05-05 08:43:12.396 [info] Extension installed successfully: wenfangdu.snippet-generator
2024-05-05 08:43:12.396 [info] Extension installed successfully: hediet.debug-visualizer
2024-05-05 08:43:12.396 [info] Extension installed successfully: ms-python.python
2024-05-05 08:43:12.396 [info] Extension installed successfully: ms-python.vscode-pylance
2024-05-05 08:43:12.470 [error] [uncaught exception in sharedProcess]: Error: ENOENT: no such file or directory, stat '/home/mkzero/.vscode/extensions/extensions.json.vsctmp': EntryNotFound (FileSystemError): Error: ENOENT: no such file or directory, stat '/home/mkzero/.vscode/extensions/extensions.json.vsctmp'
    at a.create (/usr/share/code/resources/app/out/vs/code/node/sharedProcess/sharedProcessMain.js:53:30019)
    at b (/usr/share/code/resources/app/out/vs/code/node/sharedProcess/sharedProcessMain.js:53:30130)
    at t.hb (/usr/share/code/resources/app/out/vs/code/node/sharedProcess/sharedProcessMain.js:58:36600)
    at t.stat (/usr/share/code/resources/app/out/vs/code/node/sharedProcess/sharedProcessMain.js:58:29040)
    at async $.stat (/usr/share/code/resources/app/out/vs/code/node/sharedProcess/sharedProcessMain.js:58:16186)
    at async J.sb (/usr/share/code/resources/app/out/vs/code/node/sharedProcess/sharedProcessMain.js:104:109501)
2024-05-05 08:43:12.483 [warning] [remote-ssh]: Couldn't find message for key setting.usseExecServer.description.
2024-05-05 08:43:14.666 [warning] [remote-ssh]: Couldn't find message for key setting.usseExecServer.description.
2024-05-05 08:43:15.148 [warning] [remote-ssh]: Couldn't find message for key setting.usseExecServer.description.
2024-05-05 08:43:15.297 [warning] [remote-ssh]: Couldn't find message for key setting.usseExecServer.description.
2024-05-05 08:43:15.339 [warning] [remote-ssh]: Couldn't find message for key setting.usseExecServer.description.
2024-05-05 08:43:17.130 [warning] [remote-ssh]: Couldn't find message for key setting.usseExecServer.description.
