2024-05-05 08:43:25.984 [info] Using settings sync service https://vscode-sync.trafficmanager.net/
2024-05-05 08:43:25.984 [info] Auto Sync is enabled.
2024-05-05 08:43:25.984 [info] Auto Sync: Suspended until auth token is available.
2024-05-05 08:43:26.279 [info] Deleting non existing profile from backup /home/mkzero/.config/Code/User/sync/extensions
2024-05-05 08:43:26.491 [info] Deleting non existing profile from backup /home/mkzero/.config/Code/User/sync/globalState
2024-05-05 08:43:26.577 [info] Deleting non existing profile from backup /home/mkzero/.config/Code/User/sync/keybindings
2024-05-05 08:43:26.711 [info] Deleting non existing profile from backup /home/mkzero/.config/Code/User/sync/profiles
2024-05-05 08:43:26.779 [info] Auto Sync: Triggered by Interval
2024-05-05 08:43:26.779 [info] Sync started.
2024-05-05 08:43:26.851 [info] Deleting non existing profile from backup /home/mkzero/.config/Code/User/sync/settings
2024-05-05 08:43:26.853 [info] Deleting non existing profile from backup /home/mkzero/.config/Code/User/sync/snippets
2024-05-05 08:43:26.853 [info] Deleting non existing profile from backup /home/mkzero/.config/Code/User/sync/tasks
2024-05-05 08:43:27.709 [info] Settings: Last sync resource does not exist locally.
2024-05-05 08:43:27.961 [info] Settings: No changes found during synchronizing settings.
2024-05-05 08:43:27.963 [info] Keybindings: Last sync resource does not exist locally.
2024-05-05 08:43:28.198 [info] Keybindings: No changes found during synchronizing keybindings.
2024-05-05 08:43:28.199 [info] Snippets: Last sync resource does not exist locally.
2024-05-05 08:43:28.505 [info] Snippets: No changes found during synchronizing snippets.
2024-05-05 08:43:28.506 [info] Tasks: Last sync resource does not exist locally.
2024-05-05 08:43:28.736 [info] Tasks: No changes found during synchronizing tasks.
2024-05-05 08:43:28.737 [info] GlobalState: Last sync resource does not exist locally.
2024-05-05 08:43:29.046 [info] GlobalState: No changes found during synchronizing ui state.
2024-05-05 08:43:29.047 [info] Extensions: Last sync resource does not exist locally.
2024-05-05 08:43:29.501 [info] Extensions: No changes found during synchronizing extensions.
2024-05-05 08:43:29.502 [info] Profiles: Last sync resource does not exist locally.
2024-05-05 08:43:29.731 [info] Profiles: No changes found during synchronizing profiles.
2024-05-05 08:43:29.732 [info] Sync done. Took 2954ms
2024-05-05 08:43:30.622 [info] Auto Sync: Triggered by Activity
2024-05-05 08:43:30.623 [info] Sync started.
2024-05-05 08:43:31.749 [info] Settings: Updated remote settings
2024-05-05 08:43:31.757 [info] Settings: Updated last synchronized settings
2024-05-05 08:43:31.758 [info] Keybindings: No changes found during synchronizing keybindings.
2024-05-05 08:43:31.762 [info] Snippets: No changes found during synchronizing snippets.
2024-05-05 08:43:31.764 [info] Tasks: No changes found during synchronizing tasks.
2024-05-05 08:43:31.767 [info] GlobalState: No changes found during synchronizing ui state.
2024-05-05 08:43:31.829 [info] Extensions: No changes found during synchronizing extensions.
2024-05-05 08:43:31.829 [info] Profiles: No changes found during synchronizing profiles.
2024-05-05 08:43:31.830 [info] Sync done. Took 1208ms
2024-05-05 08:43:55.583 [info] Auto Sync: Triggered by Activity
2024-05-05 08:43:55.583 [info] Sync started.
2024-05-05 08:43:56.941 [info] Settings: Updated remote settings
2024-05-05 08:43:56.958 [info] Settings: Updated last synchronized settings
2024-05-05 08:43:56.960 [info] Keybindings: No changes found during synchronizing keybindings.
2024-05-05 08:43:56.965 [info] Snippets: No changes found during synchronizing snippets.
2024-05-05 08:43:56.967 [info] Tasks: No changes found during synchronizing tasks.
2024-05-05 08:43:56.971 [info] GlobalState: No changes found during synchronizing ui state.
2024-05-05 08:43:57.037 [info] Extensions: No changes found during synchronizing extensions.
2024-05-05 08:43:57.037 [info] Profiles: No changes found during synchronizing profiles.
2024-05-05 08:43:57.038 [info] Sync done. Took 1455ms
2024-05-05 08:44:00.107 [info] Auto Sync: Triggered by Activity
2024-05-05 08:44:00.108 [info] Sync started.
2024-05-05 08:44:00.322 [info] Settings: No changes found during synchronizing settings.
2024-05-05 08:44:00.323 [info] Keybindings: No changes found during synchronizing keybindings.
2024-05-05 08:44:00.327 [info] Snippets: No changes found during synchronizing snippets.
2024-05-05 08:44:00.329 [info] Tasks: No changes found during synchronizing tasks.
2024-05-05 08:44:01.990 [info] GlobalState: Updated remote ui state. Updated: memento/gettingStartedService.
2024-05-05 08:44:02.008 [info] GlobalState: Updated last synchronized ui state
2024-05-05 08:44:02.060 [info] Extensions: No changes found during synchronizing extensions.
2024-05-05 08:44:02.062 [info] Profiles: No changes found during synchronizing profiles.
2024-05-05 08:44:02.063 [info] Sync done. Took 1956ms
2024-05-05 08:45:20.346 [info] Auto Sync: Triggered by Activity
2024-05-05 08:45:20.347 [info] Sync started.
2024-05-05 08:45:20.577 [info] Settings: No changes found during synchronizing settings.
2024-05-05 08:45:20.579 [info] Keybindings: No changes found during synchronizing keybindings.
2024-05-05 08:45:20.584 [info] Snippets: No changes found during synchronizing snippets.
2024-05-05 08:45:20.586 [info] Tasks: No changes found during synchronizing tasks.
2024-05-05 08:45:23.716 [info] GlobalState: Updated remote ui state. Updated: memento/gettingStartedService.
2024-05-05 08:45:23.721 [info] GlobalState: Updated last synchronized ui state
2024-05-05 08:45:23.795 [info] Extensions: No changes found during synchronizing extensions.
2024-05-05 08:45:23.796 [info] Profiles: No changes found during synchronizing profiles.
2024-05-05 08:45:23.797 [info] Sync done. Took 3450ms
